<?xml version="1.0" encoding="UTF-8"?>
<robot generator="Robot 7.4.2 (Python 3.11.9 on win32)" generated="2026-07-04T14:59:12.781734" rpa="false" schemaversion="5">
<suite id="s1" name="Suites">
<suite id="s1-s1" name="Ui" source="C:\Users\nohel\robotframework-labs\ui">
<suite id="s1-s1-s1" name="05 Login Ddt" source="C:\Users\nohel\robotframework-labs\ui\05_login_ddt.robot">
<kw name="Open Browser" owner="SeleniumLibrary" type="SETUP">
<msg time="2026-07-04T14:59:13.093982" level="INFO">Opening browser 'chrome' to base url 'https://www.saucedemo.com'.</msg>
<arg>https://www.saucedemo.com</arg>
<arg>chrome</arg>
<doc>Opens a new browser instance to the optional ``url``.</doc>
<status status="PASS" start="2026-07-04T14:59:13.093982" elapsed="4.589311"/>
</kw>
<test id="s1-s1-s1-t1" name="Usuario estandar" line="9">
<kw name="Validar Intento De Login">
<kw name="Go To" owner="SeleniumLibrary">
<msg time="2026-07-04T14:59:17.686298" level="INFO">Opening url 'https://www.saucedemo.com'</msg>
<arg>https://www.saucedemo.com</arg>
<doc>Navigates the current browser window to the provided ``url``.</doc>
<status status="PASS" start="2026-07-04T14:59:17.685289" elapsed="0.061549"/>
</kw>
<kw name="Wait Until Element Is Visible" owner="SeleniumLibrary">
<arg>id:user-name</arg>
<arg>timeout=5s</arg>
<doc>Waits until the element ``locator`` is visible.</doc>
<status status="PASS" start="2026-07-04T14:59:17.746838" elapsed="0.135398"/>
</kw>
<kw name="Ingresar Credenciales" owner="login_page">
<kw name="Input Text" owner="SeleniumLibrary">
<msg time="2026-07-04T14:59:17.884306" level="INFO">Typing text 'standard_user' into text field 'id:user-name'.</msg>
<arg>${INPUT_USER}</arg>
<arg>${usuario}</arg>
<doc>Types the given ``text`` into the text field identified by ``locator``.</doc>
<status status="PASS" start="2026-07-04T14:59:17.883307" elapsed="0.202702"/>
</kw>
<kw name="Input Password" owner="SeleniumLibrary">
<msg time="2026-07-04T14:59:18.089009" level="INFO">Typing password into text field 'id:password'.</msg>
<msg time="2026-07-04T14:59:18.132786" level="INFO">Temporally setting log level to: NONE</msg>
<arg>${INPUT_PASS}</arg>
<arg>${clave}</arg>
<doc>Types the given password into the text field identified by ``locator``.</doc>
<status status="PASS" start="2026-07-04T14:59:18.087010" elapsed="0.142145"/>
</kw>
<kw name="Click Button" owner="SeleniumLibrary">
<msg time="2026-07-04T14:59:18.230160" level="INFO">Clicking button 'id:login-button'.</msg>
<arg>${BTN_LOGIN}</arg>
<doc>Clicks the button identified by ``locator``.</doc>
<status status="PASS" start="2026-07-04T14:59:18.229155" elapsed="0.168872"/>
</kw>
<arg>${usuario}</arg>
<arg>${clave}</arg>
<status status="PASS" start="2026-07-04T14:59:17.882236" elapsed="0.516367"/>
</kw>
<if>
<branch type="IF" condition="'${resultado}' == 'exito'">
<kw name="Wait Until Page Contains" owner="SeleniumLibrary">
<arg>Products</arg>
<arg>timeout=10s</arg>
<doc>Waits until ``text`` appears on the current page.</doc>
<status status="PASS" start="2026-07-04T14:59:18.399294" elapsed="0.020759"/>
</kw>
<status status="PASS" start="2026-07-04T14:59:18.398603" elapsed="0.022060"/>
</branch>
<branch type="ELSE">
<kw name="Wait Until Element Is Visible" owner="SeleniumLibrary">
<arg>css:h3[data-test='error']</arg>
<arg>timeout=10s</arg>
<doc>Waits until the element ``locator`` is visible.</doc>
<status status="NOT RUN" start="2026-07-04T14:59:18.421235" elapsed="0.000000"/>
</kw>
<status status="NOT RUN" start="2026-07-04T14:59:18.420663" elapsed="0.000572"/>
</branch>
<status status="PASS" start="2026-07-04T14:59:18.398603" elapsed="0.022632"/>
</if>
<arg>standard_user</arg>
<arg>secret_sauce</arg>
<arg>exito</arg>
<status status="PASS" start="2026-07-04T14:59:17.684293" elapsed="0.736942"/>
</kw>
<status status="PASS" start="2026-07-04T14:59:17.683293" elapsed="0.738511"/>
</test>
<test id="s1-s1-s1-t2" name="Usuario bloqueado" line="10">
<kw name="Validar Intento De Login">
<kw name="Go To" owner="SeleniumLibrary">
<msg time="2026-07-04T14:59:18.423954" level="INFO">Opening url 'https://www.saucedemo.com'</msg>
<arg>https://www.saucedemo.com</arg>
<doc>Navigates the current browser window to the provided ``url``.</doc>
<status status="PASS" start="2026-07-04T14:59:18.423954" elapsed="0.065402"/>
</kw>
<kw name="Wait Until Element Is Visible" owner="SeleniumLibrary">
<arg>id:user-name</arg>
<arg>timeout=5s</arg>
<doc>Waits until the element ``locator`` is visible.</doc>
<status status="PASS" start="2026-07-04T14:59:18.489356" elapsed="0.025069"/>
</kw>
<kw name="Ingresar Credenciales" owner="login_page">
<kw name="Input Text" owner="SeleniumLibrary">
<msg time="2026-07-04T14:59:18.516980" level="INFO">Typing text 'locked_out_user' into text field 'id:user-name'.</msg>
<arg>${INPUT_USER}</arg>
<arg>${usuario}</arg>
<doc>Types the given ``text`` into the text field identified by ``locator``.</doc>
<status status="PASS" start="2026-07-04T14:59:18.515945" elapsed="0.144392"/>
</kw>
<kw name="Input Password" owner="SeleniumLibrary">
<msg time="2026-07-04T14:59:18.661335" level="INFO">Typing password into text field 'id:password'.</msg>
<msg time="2026-07-04T14:59:18.705619" level="INFO">Temporally setting log level to: NONE</msg>
<arg>${INPUT_PASS}</arg>
<arg>${clave}</arg>
<doc>Types the given password into the text field identified by ``locator``.</doc>
<status status="PASS" start="2026-07-04T14:59:18.660337" elapsed="0.138407"/>
</kw>
<kw name="Click Button" owner="SeleniumLibrary">
<msg time="2026-07-04T14:59:18.799747" level="INFO">Clicking button 'id:login-button'.</msg>
<arg>${BTN_LOGIN}</arg>
<doc>Clicks the button identified by ``locator``.</doc>
<status status="PASS" start="2026-07-04T14:59:18.798744" elapsed="0.095906"/>
</kw>
<arg>${usuario}</arg>
<arg>${clave}</arg>
<status status="PASS" start="2026-07-04T14:59:18.514425" elapsed="0.380225"/>
</kw>
<if>
<branch type="IF" condition="'${resultado}' == 'exito'">
<kw name="Wait Until Page Contains" owner="SeleniumLibrary">
<arg>Products</arg>
<arg>timeout=10s</arg>
<doc>Waits until ``text`` appears on the current page.</doc>
<status status="NOT RUN" start="2026-07-04T14:59:18.895641" elapsed="0.000000"/>
</kw>
<status status="NOT RUN" start="2026-07-04T14:59:18.895641" elapsed="0.000000"/>
</branch>
<branch type="ELSE">
<kw name="Wait Until Element Is Visible" owner="SeleniumLibrary">
<arg>css:h3[data-test='error']</arg>
<arg>timeout=10s</arg>
<doc>Waits until the element ``locator`` is visible.</doc>
<status status="PASS" start="2026-07-04T14:59:18.896641" elapsed="0.023611"/>
</kw>
<status status="PASS" start="2026-07-04T14:59:18.895641" elapsed="0.024611"/>
</branch>
<status status="PASS" start="2026-07-04T14:59:18.895641" elapsed="0.024611"/>
</if>
<arg>locked_out_user</arg>
<arg>secret_sauce</arg>
<arg>error</arg>
<status status="PASS" start="2026-07-04T14:59:18.422937" elapsed="0.497315"/>
</kw>
<status status="PASS" start="2026-07-04T14:59:18.422366" elapsed="0.498895"/>
</test>
<test id="s1-s1-s1-t3" name="Clave incorrecta" line="11">
<kw name="Validar Intento De Login">
<kw name="Go To" owner="SeleniumLibrary">
<msg time="2026-07-04T14:59:18.922260" level="INFO">Opening url 'https://www.saucedemo.com'</msg>
<arg>https://www.saucedemo.com</arg>
<doc>Navigates the current browser window to the provided ``url``.</doc>
<status status="PASS" start="2026-07-04T14:59:18.922260" elapsed="0.072583"/>
</kw>
<kw name="Wait Until Element Is Visible" owner="SeleniumLibrary">
<arg>id:user-name</arg>
<arg>timeout=5s</arg>
<doc>Waits until the element ``locator`` is visible.</doc>
<status status="PASS" start="2026-07-04T14:59:18.994843" elapsed="0.059592"/>
</kw>
<kw name="Ingresar Credenciales" owner="login_page">
<kw name="Input Text" owner="SeleniumLibrary">
<msg time="2026-07-04T14:59:19.056437" level="INFO">Typing text 'standard_user' into text field 'id:user-name'.</msg>
<arg>${INPUT_USER}</arg>
<arg>${usuario}</arg>
<doc>Types the given ``text`` into the text field identified by ``locator``.</doc>
<status status="PASS" start="2026-07-04T14:59:19.056437" elapsed="0.124804"/>
</kw>
<kw name="Input Password" owner="SeleniumLibrary">
<msg time="2026-07-04T14:59:19.182248" level="INFO">Typing password into text field 'id:password'.</msg>
<msg time="2026-07-04T14:59:19.222692" level="INFO">Temporally setting log level to: NONE</msg>
<arg>${INPUT_PASS}</arg>
<arg>${clave}</arg>
<doc>Types the given password into the text field identified by ``locator``.</doc>
<status status="PASS" start="2026-07-04T14:59:19.182248" elapsed="0.112870"/>
</kw>
<kw name="Click Button" owner="SeleniumLibrary">
<msg time="2026-07-04T14:59:19.295118" level="INFO">Clicking button 'id:login-button'.</msg>
<arg>${BTN_LOGIN}</arg>
<doc>Clicks the button identified by ``locator``.</doc>
<status status="PASS" start="2026-07-04T14:59:19.295118" elapsed="0.072672"/>
</kw>
<arg>${usuario}</arg>
<arg>${clave}</arg>
<status status="PASS" start="2026-07-04T14:59:19.055443" elapsed="0.313323"/>
</kw>
<if>
<branch type="IF" condition="'${resultado}' == 'exito'">
<kw name="Wait Until Page Contains" owner="SeleniumLibrary">
<arg>Products</arg>
<arg>timeout=10s</arg>
<doc>Waits until ``text`` appears on the current page.</doc>
<status status="NOT RUN" start="2026-07-04T14:59:19.368766" elapsed="0.000000"/>
</kw>
<status status="NOT RUN" start="2026-07-04T14:59:19.368766" elapsed="0.000000"/>
</branch>
<branch type="ELSE">
<kw name="Wait Until Element Is Visible" owner="SeleniumLibrary">
<msg time="2026-07-04T14:59:29.532467" level="INFO" html="true">&lt;/td&gt;&lt;/tr&gt;&lt;tr&gt;&lt;td colspan="3"&gt;&lt;a href="selenium-screenshot-1.png"&gt;&lt;img src="selenium-screenshot-1.png" width="800px"&gt;&lt;/a&gt;</msg>
<msg time="2026-07-04T14:59:29.532467" level="FAIL">Element 'css:h3[data-test='error']' not visible after 10 seconds.</msg>
<arg>css:h3[data-test='error']</arg>
<arg>timeout=10s</arg>
<doc>Waits until the element ``locator`` is visible.</doc>
<status status="FAIL" start="2026-07-04T14:59:19.368766" elapsed="10.474402">Element 'css:h3[data-test='error']' not visible after 10 seconds.</status>
</kw>
<status status="FAIL" start="2026-07-04T14:59:19.368766" elapsed="10.475411">Element 'css:h3[data-test='error']' not visible after 10 seconds.</status>
</branch>
<status status="FAIL" start="2026-07-04T14:59:19.368766" elapsed="10.476405">Element 'css:h3[data-test='error']' not visible after 10 seconds.</status>
</if>
<arg>standard_user</arg>
<arg>clave_invalida</arg>
<arg>error</arg>
<status status="FAIL" start="2026-07-04T14:59:18.921261" elapsed="10.924917">Element 'css:h3[data-test='error']' not visible after 10 seconds.</status>
</kw>
<status status="FAIL" start="2026-07-04T14:59:18.921261" elapsed="10.925915">Element 'css:h3[data-test='error']' not visible after 10 seconds.</status>
</test>
<test id="s1-s1-s1-t4" name="Usuario vacio" line="12">
<kw name="Validar Intento De Login">
<kw name="Go To" owner="SeleniumLibrary">
<msg time="2026-07-04T14:59:29.860195" level="INFO">Opening url 'https://www.saucedemo.com'</msg>
<arg>https://www.saucedemo.com</arg>
<doc>Navigates the current browser window to the provided ``url``.</doc>
<status status="PASS" start="2026-07-04T14:59:29.859160" elapsed="0.301623"/>
</kw>
<kw name="Wait Until Element Is Visible" owner="SeleniumLibrary">
<arg>id:user-name</arg>
<arg>timeout=5s</arg>
<doc>Waits until the element ``locator`` is visible.</doc>
<status status="PASS" start="2026-07-04T14:59:30.161767" elapsed="0.048632"/>
</kw>
<kw name="Ingresar Credenciales" owner="login_page">
<kw name="Input Text" owner="SeleniumLibrary">
<msg time="2026-07-04T14:59:30.212926" level="INFO">Typing text '' into text field 'id:user-name'.</msg>
<arg>${INPUT_USER}</arg>
<arg>${usuario}</arg>
<doc>Types the given ``text`` into the text field identified by ``locator``.</doc>
<status status="PASS" start="2026-07-04T14:59:30.211911" elapsed="0.201958"/>
</kw>
<kw name="Input Password" owner="SeleniumLibrary">
<msg time="2026-07-04T14:59:30.415872" level="INFO">Typing password into text field 'id:password'.</msg>
<msg time="2026-07-04T14:59:30.497466" level="INFO">Temporally setting log level to: NONE</msg>
<arg>${INPUT_PASS}</arg>
<arg>${clave}</arg>
<doc>Types the given password into the text field identified by ``locator``.</doc>
<status status="PASS" start="2026-07-04T14:59:30.414870" elapsed="0.220352"/>
</kw>
<kw name="Click Button" owner="SeleniumLibrary">
<msg time="2026-07-04T14:59:30.638216" level="INFO">Clicking button 'id:login-button'.</msg>
<arg>${BTN_LOGIN}</arg>
<doc>Clicks the button identified by ``locator``.</doc>
<status status="PASS" start="2026-07-04T14:59:30.636214" elapsed="0.169123"/>
</kw>
<arg>${usuario}</arg>
<arg>${clave}</arg>
<status status="PASS" start="2026-07-04T14:59:30.210399" elapsed="0.594938"/>
</kw>
<if>
<branch type="IF" condition="'${resultado}' == 'exito'">
<kw name="Wait Until Page Contains" owner="SeleniumLibrary">
<arg>Products</arg>
<arg>timeout=10s</arg>
<doc>Waits until ``text`` appears on the current page.</doc>
<status status="NOT RUN" start="2026-07-04T14:59:30.806359" elapsed="0.000000"/>
</kw>
<status status="NOT RUN" start="2026-07-04T14:59:30.805337" elapsed="0.001022"/>
</branch>
<branch type="ELSE">
<kw name="Wait Until Element Is Visible" owner="SeleniumLibrary">
<arg>css:h3[data-test='error']</arg>
<arg>timeout=10s</arg>
<doc>Waits until the element ``locator`` is visible.</doc>
<status status="PASS" start="2026-07-04T14:59:30.806359" elapsed="0.034157"/>
</kw>
<status status="PASS" start="2026-07-04T14:59:30.806359" elapsed="0.035156"/>
</branch>
<status status="PASS" start="2026-07-04T14:59:30.805337" elapsed="0.036178"/>
</if>
<arg>${EMPTY}</arg>
<arg>secret_sauce</arg>
<arg>error</arg>
<status status="PASS" start="2026-07-04T14:59:29.856183" elapsed="0.985332"/>
</kw>
<status status="PASS" start="2026-07-04T14:59:29.850183" elapsed="0.991332"/>
</test>
<test id="s1-s1-s1-t5" name="Agregar Producto Al Carrito" line="14">
<kw name="Go To" owner="SeleniumLibrary">
<msg time="2026-07-04T14:59:30.844519" level="INFO">Opening url 'https://www.saucedemo.com'</msg>
<arg>https://www.saucedemo.com</arg>
<doc>Navigates the current browser window to the provided ``url``.</doc>
<status status="PASS" start="2026-07-04T14:59:30.843516" elapsed="0.136467"/>
</kw>
<kw name="Wait Until Element Is Visible" owner="SeleniumLibrary">
<arg>id:user-name</arg>
<arg>timeout=5s</arg>
<doc>Waits until the element ``locator`` is visible.</doc>
<status status="PASS" start="2026-07-04T14:59:30.980981" elapsed="0.048790"/>
</kw>
<kw name="Ingresar Credenciales" owner="login_page">
<kw name="Input Text" owner="SeleniumLibrary">
<msg time="2026-07-04T14:59:31.031768" level="INFO">Typing text 'standard_user' into text field 'id:user-name'.</msg>
<arg>${INPUT_USER}</arg>
<arg>${usuario}</arg>
<doc>Types the given ``text`` into the text field identified by ``locator``.</doc>
<status status="PASS" start="2026-07-04T14:59:31.030767" elapsed="0.228377"/>
</kw>
<kw name="Input Password" owner="SeleniumLibrary">
<msg time="2026-07-04T14:59:31.261296" level="INFO">Typing password into text field 'id:password'.</msg>
<msg time="2026-07-04T14:59:31.327573" level="INFO">Temporally setting log level to: NONE</msg>
<arg>${INPUT_PASS}</arg>
<arg>${clave}</arg>
<doc>Types the given password into the text field identified by ``locator``.</doc>
<status status="PASS" start="2026-07-04T14:59:31.260270" elapsed="0.228040"/>
</kw>
<kw name="Click Button" owner="SeleniumLibrary">
<msg time="2026-07-04T14:59:31.489310" level="INFO">Clicking button 'id:login-button'.</msg>
<arg>${BTN_LOGIN}</arg>
<doc>Clicks the button identified by ``locator``.</doc>
<status status="PASS" start="2026-07-04T14:59:31.488310" elapsed="0.257999"/>
</kw>
<arg>standard_user</arg>
<arg>secret_sauce</arg>
<status status="PASS" start="2026-07-04T14:59:31.029771" elapsed="0.717124"/>
</kw>
<kw name="Wait Until Page Contains" owner="SeleniumLibrary">
<arg>Products</arg>
<arg>timeout=10s</arg>
<doc>Waits until ``text`` appears on the current page.</doc>
<status status="PASS" start="2026-07-04T14:59:31.746895" elapsed="0.020072"/>
</kw>
<kw name="Agregar Mochila Al Carrito">
<kw name="Click Button" owner="SeleniumLibrary">
<msg time="2026-07-04T14:59:31.768503" level="INFO">Clicking button 'id:add-to-cart-sauce-labs-backpack'.</msg>
<arg>id:add-to-cart-sauce-labs-backpack</arg>
<doc>Clicks the button identified by ``locator``.</doc>
<status status="PASS" start="2026-07-04T14:59:31.768503" elapsed="0.206514"/>
</kw>
<status status="PASS" start="2026-07-04T14:59:31.767991" elapsed="0.207026"/>
</kw>
<kw name="Verificar Contador Del Carrito">
<kw name="Wait Until Element Is Visible" owner="SeleniumLibrary">
<arg>css:span.shopping_cart_badge</arg>
<arg>timeout=5s</arg>
<doc>Waits until the element ``locator`` is visible.</doc>
<status status="PASS" start="2026-07-04T14:59:31.976543" elapsed="0.050915"/>
</kw>
<kw name="Element Text Should Be" owner="SeleniumLibrary">
<msg time="2026-07-04T14:59:32.028459" level="INFO">Verifying element 'css:span.shopping_cart_badge' contains exact text '1'.</msg>
<arg>css:span.shopping_cart_badge</arg>
<arg>${cantidad_esperada}</arg>
<doc>Verifies that element ``locator`` contains exact the text ``expected``.</doc>
<status status="PASS" start="2026-07-04T14:59:32.028459" elapsed="0.050184"/>
</kw>
<arg>1</arg>
<status status="PASS" start="2026-07-04T14:59:31.975017" elapsed="0.103626"/>
</kw>
<kw name="Sleep" owner="BuiltIn">
<msg time="2026-07-04T14:59:37.080068" level="INFO">Slept 5 seconds.</msg>
<arg>5s</arg>
<doc>Pauses the test executed for the given time.</doc>
<status status="PASS" start="2026-07-04T14:59:32.078643" elapsed="5.001425"/>
</kw>
<status status="PASS" start="2026-07-04T14:59:30.842516" elapsed="6.238598"/>
</test>
<kw name="Close Browser" owner="SeleniumLibrary" type="TEARDOWN">
<doc>Closes the current browser.</doc>
<status status="PASS" start="2026-07-04T14:59:37.083148" elapsed="2.448973"/>
</kw>
<status status="FAIL" start="2026-07-04T14:59:12.821737" elapsed="26.710384"/>
</suite>
<status status="FAIL" start="2026-07-04T14:59:12.820738" elapsed="26.713380"/>
</suite>
<status status="FAIL" start="2026-07-04T14:59:12.782733" elapsed="26.753713"/>
</suite>
<statistics>
<total>
<stat pass="4" fail="1" skip="0">All Tests</stat>
</total>
<tag>
</tag>
<suite>
<stat name="Suites" id="s1" pass="4" fail="1" skip="0">Suites</stat>
<stat name="Ui" id="s1-s1" pass="4" fail="1" skip="0">Suites.Ui</stat>
<stat name="05 Login Ddt" id="s1-s1-s1" pass="4" fail="1" skip="0">Suites.Ui.05 Login Ddt</stat>
</suite>
</statistics>
<errors>
</errors>
</robot>
